2024-05-06 23:21:14 0 
2024-05-06 23:24:16 0 null
2024-05-06 23:24:45 0 null
2024-05-06 23:24:52 0 null
2024-05-06 23:25:27 0 Failed to get agent by API token
2024-05-06 23:48:23 null Success
2024-05-06 23:48:26 null Success
2024-05-06 23:48:53 to Success
2024-05-06 23:49:11 to Success
2024-05-06 23:49:26 to Success
2024-05-06 23:49:31 to Success
2024-05-06 23:57:12 200 Success
2024-05-06 23:57:24 200 Parameter retrieved
2024-05-06 23:57:37 null null
2024-05-07 00:01:03 200 Parameter retrieved
2024-05-07 00:01:16 200 Parameter retrieved
2024-05-07 00:01:33 200 Parameter retrieved
2024-05-07 00:01:34 200 Parameter retrieved
2024-05-07 00:02:47 401 Failed to authorized agent by API token, please check $PARAMETER_STORE_TOKEN
2024-05-07 00:06:07 200 Parameter retrieved
2024-05-07 00:09:06 200 Parameter retrieved
2024-05-07 00:09:22 401 Failed to authorized agent by API token, please check $PARAMETER_STORE_TOKEN
